<?xml version="1.0" encoding="UTF-8"?>
<!-- Generated by org.testng.reporters.JUnitReportReporter -->
<testsuite hostname="DESKTOP-LDBMULO" failures="0" tests="5" name="day17.borlandGMOTestNG" time="1.315" errors="0" timestamp="2023-04-18T21:17:32 CDT" skipped="0">
  <testcase classname="day17.borlandGMOTestNG" name="clickpersonDomTent" time="1.031"/>
  <system-out/>
  <testcase classname="day17.borlandGMOTestNG" name="unitPrice" time="0.145"/>
  <system-out/>
  <testcase classname="day17.borlandGMOTestNG" name="salesTax" time="0.034"/>
  <system-out/>
  <testcase classname="day17.borlandGMOTestNG" name="shippingCharges" time="0.025"/>
  <system-out/>
  <testcase classname="day17.borlandGMOTestNG" name="grandTotal" time="0.080"/>
  <system-out/>
</testsuite> <!-- day17.borlandGMOTestNG -->
