<?xml version="1.0" encoding="UTF-8"?>
<!-- Generated by org.testng.reporters.JUnitReportReporter -->
<testsuite hostname="DESKTOP-LDBMULO" failures="0" tests="3" name="Day20th.frames" time="18.160" errors="0" timestamp="2023-04-21T19:40:07 CDT" skipped="0">
  <testcase classname="Day20th.frames" name="framesPageLoad" time="11.897"/>
  <system-out/>
  <testcase classname="Day20th.frames" name="frame1Validation" time="5.923"/>
  <system-out/>
  <testcase classname="Day20th.frames" name="frame3Validation" time="0.340"/>
  <system-out/>
</testsuite> <!-- Day20th.frames -->
