<?xml version="1.0" encoding="UTF-8"?>
<!-- Generated by org.testng.reporters.JUnitReportReporter -->
<testsuite hostname="DESKTOP-LDBMULO" failures="0" tests="5" name="Day19th.Alerts" time="14.219" errors="0" timestamp="2023-04-19T21:08:56 CDT" skipped="0">
  <testcase classname="Day19th.Alerts" name="AlertsPageLoad" time="1.675"/>
  <system-out/>
  <testcase classname="Day19th.Alerts" name="NormalAlertsValidation" time="3.111"/>
  <system-out/>
  <testcase classname="Day19th.Alerts" name="ConfirmationBoxAlertsValidation" time="3.110"/>
  <system-out/>
  <testcase classname="Day19th.Alerts" name="PromptAlertValidation" time="3.114"/>
  <system-out/>
  <testcase classname="Day19th.Alerts" name="DoubleClickAlertValidation" time="3.209"/>
  <system-out/>
</testsuite> <!-- Day19th.Alerts -->
