<?xml version="1.0" encoding="UTF-8"?>
<!-- Generated by org.testng.reporters.JUnitReportReporter -->
<testsuite hostname="DESKTOP-LDBMULO" failures="0" tests="4" name="Day24.MouseOperations" time="24.205" errors="0" timestamp="2023-04-25T19:53:30 CDT" skipped="0">
  <testcase classname="Day24.MouseOperations" name="mouseOperationPageLoad" time="8.411"/>
  <system-out/>
  <testcase classname="Day24.MouseOperations" name="doubleClick" time="5.285"/>
  <system-out/>
  <testcase classname="Day24.MouseOperations" name="rightClick" time="5.236"/>
  <system-out/>
  <testcase classname="Day24.MouseOperations" name="clickMe" time="5.273"/>
  <system-out/>
</testsuite> <!-- Day24.MouseOperations -->
